# JRE version: OpenJDK Runtime Environment (8.0_262-b10) (build 1.8.0_262-b10)
# Java VM: OpenJDK 64-Bit Server VM (25.262-b10 mixed mode windows-amd64 compressed oops)
Heap:
 PSYoungGen      total 146944K, used 27647K [0x00000000f5580000, 0x0000000100000000, 0x0000000100000000)
  eden space 119296K, 0% used [0x00000000f5580000,0x00000000f5580000,0x00000000fca00000)
  from space 27648K, 99% used [0x00000000fca00000,0x00000000fe4ffea8,0x00000000fe500000)
  to   space 27648K, 0% used [0x00000000fe500000,0x00000000fe500000,0x0000000100000000)
 ParOldGen       total 348160K, used 337082K [0x00000000e0000000, 0x00000000f5400000, 0x00000000f5580000)
  object space 348160K, 96% used [0x00000000e0000000,0x00000000f492ea90,0x00000000f5400000)
 Metaspace       used 80093K, capacity 87524K, committed 87856K, reserved 1124352K
  class space    used 10781K, capacity 12541K, committed 12592K, reserved 1048576K
GC Heap History (10 events):
Event: 102.719 GC heap after
Heap after GC invocations=45 (full 4):
 PSYoungGen      total 151552K, used 16928K [0x00000000f5580000, 0x0000000100000000, 0x0000000100000000)
  eden space 130560K, 0% used [0x00000000f5580000,0x00000000f5580000,0x00000000fd500000)
  from space 20992K, 80% used [0x00000000fd500000,0x00000000fe588040,0x00000000fe980000)
  to   space 22016K, 0% used [0x00000000fea80000,0x00000000fea80000,0x0000000100000000)
 ParOldGen       total 348160K, used 318285K [0x00000000e0000000, 0x00000000f5400000, 0x00000000f5580000)
  object space 348160K, 91% used [0x00000000e0000000,0x00000000f36d37c8,0x00000000f5400000)
 Metaspace       used 74034K, capacity 81054K, committed 81200K, reserved 1118208K
  class space    used 10067K, capacity 11750K, committed 11824K, reserved 1048576K
}
Event: 607.989 GC heap before
{Heap before GC invocations=46 (full 4):
 PSYoungGen      total 151552K, used 147488K [0x00000000f5580000, 0x0000000100000000, 0x0000000100000000)
  eden space 130560K, 100% used [0x00000000f5580000,0x00000000fd500000,0x00000000fd500000)
  from space 20992K, 80% used [0x00000000fd500000,0x00000000fe588040,0x00000000fe980000)
  to   space 22016K, 0% used [0x00000000fea80000,0x00000000fea80000,0x0000000100000000)
 ParOldGen       total 348160K, used 318285K [0x00000000e0000000, 0x00000000f5400000, 0x00000000f5580000)
  object space 348160K, 91% used [0x00000000e0000000,0x00000000f36d37c8,0x00000000f5400000)
 Metaspace       used 74209K, capacity 81236K, committed 81456K, reserved 1118208K
  class space    used 10088K, capacity 11787K, committed 11824K, reserved 1048576K
Event: 608.022 GC heap after
Heap after GC invocations=46 (full 4):
 PSYoungGen      total 151552K, used 17105K [0x00000000f5580000, 0x0000000100000000, 0x0000000100000000)
  eden space 129536K, 0% used [0x00000000f5580000,0x00000000f5580000,0x00000000fd400000)
  from space 22016K, 77% used [0x00000000fea80000,0x00000000ffb34540,0x0000000100000000)
  to   space 22528K, 0% used [0x00000000fd400000,0x00000000fd400000,0x00000000fea00000)
 ParOldGen       total 348160K, used 324014K [0x00000000e0000000, 0x00000000f5400000, 0x00000000f5580000)
  object space 348160K, 93% used [0x00000000e0000000,0x00000000f3c6b808,0x00000000f5400000)
 Metaspace       used 74209K, capacity 81236K, committed 81456K, reserved 1118208K
  class space    used 10088K, capacity 11787K, committed 11824K, reserved 1048576K
}
Event: 613.636 GC heap before
{Heap before GC invocations=47 (full 4):
 PSYoungGen      total 151552K, used 146641K [0x00000000f5580000, 0x0000000100000000, 0x0000000100000000)
  eden space 129536K, 100% used [0x00000000f5580000,0x00000000fd400000,0x00000000fd400000)
  from space 22016K, 77% used [0x00000000fea80000,0x00000000ffb34540,0x0000000100000000)
  to   space 22528K, 0% used [0x00000000fd400000,0x00000000fd400000,0x00000000fea00000)
 ParOldGen       total 348160K, used 324014K [0x00000000e0000000, 0x00000000f5400000, 0x00000000f5580000)
  object space 348160K, 93% used [0x00000000e0000000,0x00000000f3c6b808,0x00000000f5400000)
 Metaspace       used 74237K, capacity 81306K, committed 81456K, reserved 1118208K
  class space    used 10090K, capacity 11788K, committed 11824K, reserved 1048576K
Event: 613.662 GC heap after
Heap after GC invocations=47 (full 4):
 PSYoungGen      total 150016K, used 20209K [0x00000000f5580000, 0x0000000100000000, 0x0000000100000000)
  eden space 129536K, 0% used [0x00000000f5580000,0x00000000f5580000,0x00000000fd400000)
  from space 20480K, 98% used [0x00000000fd400000,0x00000000fe7bc520,0x00000000fe800000)
  to   space 24576K, 0% used [0x00000000fe800000,0x00000000fe800000,0x0000000100000000)
 ParOldGen       total 348160K, used 324022K [0x00000000e0000000, 0x00000000f5400000, 0x00000000f5580000)
  object space 348160K, 93% used [0x00000000e0000000,0x00000000f3c6d808,0x00000000f5400000)
 Metaspace       used 74237K, capacity 81306K, committed 81456K, reserved 1118208K
  class space    used 10090K, capacity 11788K, committed 11824K, reserved 1048576K
}
Event: 619.775 GC heap before
{Heap before GC invocations=48 (full 4):
 PSYoungGen      total 150016K, used 149745K [0x00000000f5580000, 0x0000000100000000, 0x0000000100000000)
  eden space 129536K, 100% used [0x00000000f5580000,0x00000000fd400000,0x00000000fd400000)
  from space 20480K, 98% used [0x00000000fd400000,0x00000000fe7bc520,0x00000000fe800000)
  to   space 24576K, 0% used [0x00000000fe800000,0x00000000fe800000,0x0000000100000000)
 ParOldGen       total 348160K, used 324022K [0x00000000e0000000, 0x00000000f5400000, 0x00000000f5580000)
  object space 348160K, 93% used [0x00000000e0000000,0x00000000f3c6d808,0x00000000f5400000)
 Metaspace       used 76024K, capacity 83206K, committed 83248K, reserved 1120256K
  class space    used 10346K, capacity 12054K, committed 12080K, reserved 1048576K
Event: 619.850 GC heap after
Heap after GC invocations=48 (full 4):
 PSYoungGen      total 143872K, used 24559K [0x00000000f5580000, 0x0000000100000000, 0x0000000100000000)
  eden space 119296K, 0% used [0x00000000f5580000,0x00000000f5580000,0x00000000fca00000)
  from space 24576K, 99% used [0x00000000fe800000,0x00000000ffffbe20,0x0000000100000000)
  to   space 27648K, 0% used [0x00000000fca00000,0x00000000fca00000,0x00000000fe500000)
 ParOldGen       total 348160K, used 324416K [0x00000000e0000000, 0x00000000f5400000, 0x00000000f5580000)
  object space 348160K, 93% used [0x00000000e0000000,0x00000000f3cd0000,0x00000000f5400000)
 Metaspace       used 76024K, capacity 83206K, committed 83248K, reserved 1120256K
  class space    used 10346K, capacity 12054K, committed 12080K, reserved 1048576K
}
Event: 626.821 GC heap before
{Heap before GC invocations=49 (full 4):
 PSYoungGen      total 143872K, used 143855K [0x00000000f5580000, 0x0000000100000000, 0x0000000100000000)
  eden space 119296K, 100% used [0x00000000f5580000,0x00000000fca00000,0x00000000fca00000)
  from space 24576K, 99% used [0x00000000fe800000,0x00000000ffffbe20,0x0000000100000000)
  to   space 27648K, 0% used [0x00000000fca00000,0x00000000fca00000,0x00000000fe500000)
 ParOldGen       total 348160K, used 324416K [0x00000000e0000000, 0x00000000f5400000, 0x00000000f5580000)
  object space 348160K, 93% used [0x00000000e0000000,0x00000000f3cd0000,0x00000000f5400000)
 Metaspace       used 80093K, capacity 87524K, committed 87856K, reserved 1124352K
  class space    used 10781K, capacity 12541K, committed 12592K, reserved 1048576K
Event: 626.874 GC heap after
Heap after GC invocations=49 (full 4):
 PSYoungGen      total 146944K, used 27647K [0x00000000f5580000, 0x0000000100000000, 0x0000000100000000)
  eden space 119296K, 0% used [0x00000000f5580000,0x00000000f5580000,0x00000000fca00000)
  from space 27648K, 99% used [0x00000000fca00000,0x00000000fe4ffea8,0x00000000fe500000)
  to   space 27648K, 0% used [0x00000000fe500000,0x00000000fe500000,0x0000000100000000)
 ParOldGen       total 348160K, used 337082K [0x00000000e0000000, 0x00000000f5400000, 0x00000000f5580000)
  object space 348160K, 96% used [0x00000000e0000000,0x00000000f492ea90,0x00000000f5400000)
 Metaspace       used 80093K, capacity 87524K, committed 87856K, reserved 1124352K
  class space    used 10781K, capacity 12541K, committed 12592K, reserved 1048576K
}
Event: 626.874 GC heap before
{Heap before GC invocations=50 (full 5):
 PSYoungGen      total 146944K, used 27647K [0x00000000f5580000, 0x0000000100000000, 0x0000000100000000)
  eden space 119296K, 0% used [0x00000000f5580000,0x00000000f5580000,0x00000000fca00000)
  from space 27648K, 99% used [0x00000000fca00000,0x00000000fe4ffea8,0x00000000fe500000)
  to   space 27648K, 0% used [0x00000000fe500000,0x00000000fe500000,0x0000000100000000)
 ParOldGen       total 348160K, used 337082K [0x00000000e0000000, 0x00000000f5400000, 0x00000000f5580000)
  object space 348160K, 96% used [0x00000000e0000000,0x00000000f492ea90,0x00000000f5400000)
 Metaspace       used 80093K, capacity 87524K, committed 87856K, reserved 1124352K
  class space    used 10781K, capacity 12541K, committed 12592K, reserved 1048576K

